[debug] [2024-11-09T23:27:47.859Z] ----------------------------------------------------------------------
[debug] [2024-11-09T23:27:47.863Z] Command:       /usr/local/Cellar/node/23.1.0_1/bin/node /usr/local/bin/firebase emulators:start --only functions
[debug] [2024-11-09T23:27:47.864Z] CLI Version:   13.24.2
[debug] [2024-11-09T23:27:47.864Z] Platform:      darwin
[debug] [2024-11-09T23:27:47.864Z] Node Version:  v23.1.0
[debug] [2024-11-09T23:27:47.865Z] Time:          Sat Nov 09 2024 18:27:47 GMT-0500 (hora estándar de Colombia)
[debug] [2024-11-09T23:27:47.865Z] ----------------------------------------------------------------------
[debug] 
[debug] [2024-11-09T23:27:48.112Z] > command requires scopes: ["email","openid","https://www.googleapis.com/auth/cloudplatformprojects.readonly","https://www.googleapis.com/auth/firebase","https://www.googleapis.com/auth/cloud-platform"]
[debug] [2024-11-09T23:27:48.112Z] > authorizing via signed-in user (soyelivancho@gmail.com)
[info] i  emulators: Starting emulators: functions {"metadata":{"emulator":{"name":"hub"},"message":"Starting emulators: functions"}}
[debug] [2024-11-09T23:27:48.618Z] [logging] Logging Emulator only supports listening on one address (127.0.0.1). Not listening on ::1
[debug] [2024-11-09T23:27:48.619Z] assigned listening specs for emulators {"user":{"hub":[{"address":"127.0.0.1","family":"IPv4","port":4400},{"address":"::1","family":"IPv6","port":4400}],"ui":[{"address":"127.0.0.1","family":"IPv4","port":4000},{"address":"::1","family":"IPv6","port":4000}],"logging":[{"address":"127.0.0.1","family":"IPv4","port":4500}]},"metadata":{"message":"assigned listening specs for emulators"}}
[debug] [2024-11-09T23:27:48.626Z] [hub] writing locator at /var/folders/x7/npjc6l1s3159b958sj10q0sm0000gn/T/hub-conexion-agraria.json
[debug] [2024-11-09T23:27:49.133Z] [functions] Functions Emulator only supports listening on one address (127.0.0.1). Not listening on ::1
[debug] [2024-11-09T23:27:49.133Z] [eventarc] Eventarc Emulator only supports listening on one address (127.0.0.1). Not listening on ::1
[debug] [2024-11-09T23:27:49.133Z] [tasks] Cloud Tasks Emulator only supports listening on one address (127.0.0.1). Not listening on ::1
[debug] [2024-11-09T23:27:49.133Z] late-assigned ports for functions and eventarc emulators {"user":{"hub":[{"address":"127.0.0.1","family":"IPv4","port":4400},{"address":"::1","family":"IPv6","port":4400}],"ui":[{"address":"127.0.0.1","family":"IPv4","port":4000},{"address":"::1","family":"IPv6","port":4000}],"logging":[{"address":"127.0.0.1","family":"IPv4","port":4500}],"functions":[{"address":"127.0.0.1","family":"IPv4","port":5001}],"eventarc":[{"address":"127.0.0.1","family":"IPv4","port":9299}],"tasks":[{"address":"127.0.0.1","family":"IPv4","port":9499}]},"metadata":{"message":"late-assigned ports for functions and eventarc emulators"}}
[warn] ⚠  functions: The following emulators are not running, calls to these services from the Functions emulator will affect production: auth, firestore, database, hosting, pubsub, storage, dataconnect {"metadata":{"emulator":{"name":"functions"},"message":"The following emulators are not running, calls to these services from the Functions emulator will affect production: \u001b[1mauth, firestore, database, hosting, pubsub, storage, dataconnect\u001b[22m"}}
[debug] [2024-11-09T23:27:49.138Z] defaultcredentials: writing to file /Users/karencio/.config/firebase/soyelivancho_gmail_com_application_default_credentials.json
[debug] [2024-11-09T23:27:49.162Z] Setting GAC to /Users/karencio/.config/firebase/soyelivancho_gmail_com_application_default_credentials.json {"metadata":{"emulator":{"name":"functions"},"message":"Setting GAC to /Users/karencio/.config/firebase/soyelivancho_gmail_com_application_default_credentials.json"}}
[debug] [2024-11-09T23:27:49.163Z] Checked if tokens are valid: true, expires at: 1731198078751
[debug] [2024-11-09T23:27:49.163Z] Checked if tokens are valid: true, expires at: 1731198078751
[debug] [2024-11-09T23:27:49.165Z] >>> [apiv2][query] GET https://firebase.googleapis.com/v1beta1/projects/conexion-agraria/adminSdkConfig [none]
[debug] [2024-11-09T23:27:49.797Z] <<< [apiv2][status] GET https://firebase.googleapis.com/v1beta1/projects/conexion-agraria/adminSdkConfig 200
[debug] [2024-11-09T23:27:49.797Z] <<< [apiv2][body] GET https://firebase.googleapis.com/v1beta1/projects/conexion-agraria/adminSdkConfig {"projectId":"conexion-agraria","databaseURL":"https://conexion-agraria-default-rtdb.firebaseio.com","storageBucket":"conexion-agraria.appspot.com","locationId":"us-central"}
[info] i  ui: downloading ui-v1.14.0.zip... {"metadata":{"emulator":{"name":"ui"},"message":"downloading ui-v1.14.0.zip..."}}
[debug] [2024-11-09T23:27:49.952Z] >>> [apiv2][query] GET https://storage.googleapis.com/firebase-preview-drop/emulator/ui-v1.14.0.zip 
[debug] [2024-11-09T23:27:50.303Z] <<< [apiv2][status] GET https://storage.googleapis.com/firebase-preview-drop/emulator/ui-v1.14.0.zip 200
[debug] [2024-11-09T23:27:50.303Z] <<< [apiv2][body] GET https://storage.googleapis.com/firebase-preview-drop/emulator/ui-v1.14.0.zip [stream]
[debug] [2024-11-09T23:27:50.934Z] Data is 3615311
[debug] [2024-11-09T23:27:50.934Z] [unzip] Entry: client/ (compressed_size=0 bytes, uncompressed_size=0 bytes)
[debug] [2024-11-09T23:27:50.934Z] [unzip] Processing entry: client/
[debug] [2024-11-09T23:27:50.934Z] [unzip] mkdir: /Users/karencio/.cache/firebase/emulators/ui-v1.14.0/client/
[debug] [2024-11-09T23:27:50.935Z] [unzip] Entry: client/favicon-16x16.png (compressed_size=293 bytes, uncompressed_size=293 bytes)
[debug] [2024-11-09T23:27:50.936Z] [unzip] Processing entry: client/favicon-16x16.png
[debug] [2024-11-09T23:27:50.936Z] [unzip] else mkdir: /Users/karencio/.cache/firebase/emulators/ui-v1.14.0/client
[debug] [2024-11-09T23:27:50.936Z] [unzip] Writing file: /Users/karencio/.cache/firebase/emulators/ui-v1.14.0/client/favicon-16x16.png
[debug] [2024-11-09T23:27:50.937Z] [unzip] Entry: client/safari-pinned-tab.svg (compressed_size=1433 bytes, uncompressed_size=2611 bytes)
[debug] [2024-11-09T23:27:50.937Z] [unzip] Processing entry: client/safari-pinned-tab.svg
[debug] [2024-11-09T23:27:50.937Z] [unzip] else mkdir: /Users/karencio/.cache/firebase/emulators/ui-v1.14.0/client
[debug] [2024-11-09T23:27:50.937Z] [unzip] deflating: /Users/karencio/.cache/firebase/emulators/ui-v1.14.0/client/safari-pinned-tab.svg
[debug] [2024-11-09T23:27:50.942Z] [unzip] Entry: client/favicon.ico (compressed_size=2933 bytes, uncompressed_size=13294 bytes)
[debug] [2024-11-09T23:27:50.943Z] [unzip] Processing entry: client/favicon.ico
[debug] [2024-11-09T23:27:50.943Z] [unzip] else mkdir: /Users/karencio/.cache/firebase/emulators/ui-v1.14.0/client
[debug] [2024-11-09T23:27:50.943Z] [unzip] deflating: /Users/karencio/.cache/firebase/emulators/ui-v1.14.0/client/favicon.ico
[debug] [2024-11-09T23:27:50.945Z] [unzip] Entry: client/index.html (compressed_size=1363 bytes, uncompressed_size=3071 bytes)
[debug] [2024-11-09T23:27:50.945Z] [unzip] Processing entry: client/index.html
[debug] [2024-11-09T23:27:50.945Z] [unzip] else mkdir: /Users/karencio/.cache/firebase/emulators/ui-v1.14.0/client
[debug] [2024-11-09T23:27:50.946Z] [unzip] deflating: /Users/karencio/.cache/firebase/emulators/ui-v1.14.0/client/index.html
[debug] [2024-11-09T23:27:50.947Z] [unzip] Entry: client/android-chrome-192x192.png (compressed_size=2684 bytes, uncompressed_size=2684 bytes)
[debug] [2024-11-09T23:27:50.947Z] [unzip] Processing entry: client/android-chrome-192x192.png
[debug] [2024-11-09T23:27:50.947Z] [unzip] else mkdir: /Users/karencio/.cache/firebase/emulators/ui-v1.14.0/client
[debug] [2024-11-09T23:27:50.948Z] [unzip] Writing file: /Users/karencio/.cache/firebase/emulators/ui-v1.14.0/client/android-chrome-192x192.png
[debug] [2024-11-09T23:27:50.948Z] [unzip] Entry: client/apple-touch-icon.png (compressed_size=2123 bytes, uncompressed_size=2152 bytes)
[debug] [2024-11-09T23:27:50.948Z] [unzip] Processing entry: client/apple-touch-icon.png
[debug] [2024-11-09T23:27:50.949Z] [unzip] else mkdir: /Users/karencio/.cache/firebase/emulators/ui-v1.14.0/client
[debug] [2024-11-09T23:27:50.949Z] [unzip] deflating: /Users/karencio/.cache/firebase/emulators/ui-v1.14.0/client/apple-touch-icon.png
[debug] [2024-11-09T23:27:50.950Z] [unzip] Entry: client/android-chrome-512x512.png (compressed_size=5369 bytes, uncompressed_size=5411 bytes)
[debug] [2024-11-09T23:27:50.950Z] [unzip] Processing entry: client/android-chrome-512x512.png
[debug] [2024-11-09T23:27:50.950Z] [unzip] else mkdir: /Users/karencio/.cache/firebase/emulators/ui-v1.14.0/client
[debug] [2024-11-09T23:27:50.951Z] [unzip] deflating: /Users/karencio/.cache/firebase/emulators/ui-v1.14.0/client/android-chrome-512x512.png
[debug] [2024-11-09T23:27:50.952Z] [unzip] Entry: client/manifest.json (compressed_size=245 bytes, uncompressed_size=551 bytes)
[debug] [2024-11-09T23:27:50.952Z] [unzip] Processing entry: client/manifest.json
[debug] [2024-11-09T23:27:50.952Z] [unzip] else mkdir: /Users/karencio/.cache/firebase/emulators/ui-v1.14.0/client
[debug] [2024-11-09T23:27:50.952Z] [unzip] deflating: /Users/karencio/.cache/firebase/emulators/ui-v1.14.0/client/manifest.json
[debug] [2024-11-09T23:27:50.954Z] [unzip] Entry: client/robots.txt (compressed_size=26 bytes, uncompressed_size=26 bytes)
[debug] [2024-11-09T23:27:50.954Z] [unzip] Processing entry: client/robots.txt
[debug] [2024-11-09T23:27:50.954Z] [unzip] else mkdir: /Users/karencio/.cache/firebase/emulators/ui-v1.14.0/client
[debug] [2024-11-09T23:27:50.955Z] [unzip] Writing file: /Users/karencio/.cache/firebase/emulators/ui-v1.14.0/client/robots.txt
[debug] [2024-11-09T23:27:50.955Z] [unzip] Entry: client/mstile-150x150.png (compressed_size=2034 bytes, uncompressed_size=2034 bytes)
[debug] [2024-11-09T23:27:50.955Z] [unzip] Processing entry: client/mstile-150x150.png
[debug] [2024-11-09T23:27:50.955Z] [unzip] else mkdir: /Users/karencio/.cache/firebase/emulators/ui-v1.14.0/client
[debug] [2024-11-09T23:27:50.956Z] [unzip] Writing file: /Users/karencio/.cache/firebase/emulators/ui-v1.14.0/client/mstile-150x150.png
[debug] [2024-11-09T23:27:50.956Z] [unzip] Entry: client/assets/ (compressed_size=0 bytes, uncompressed_size=0 bytes)
[debug] [2024-11-09T23:27:50.956Z] [unzip] Processing entry: client/assets/
[debug] [2024-11-09T23:27:50.956Z] [unzip] mkdir: /Users/karencio/.cache/firebase/emulators/ui-v1.14.0/client/assets/
[debug] [2024-11-09T23:27:50.957Z] [unzip] Entry: client/assets/index-ClZTY_JS.js.map (compressed_size=2328270 bytes, uncompressed_size=9947004 bytes)
[debug] [2024-11-09T23:27:50.957Z] [unzip] Processing entry: client/assets/index-ClZTY_JS.js.map
[debug] [2024-11-09T23:27:50.957Z] [unzip] else mkdir: /Users/karencio/.cache/firebase/emulators/ui-v1.14.0/client/assets
[debug] [2024-11-09T23:27:50.957Z] [unzip] deflating: /Users/karencio/.cache/firebase/emulators/ui-v1.14.0/client/assets/index-ClZTY_JS.js.map
[debug] [2024-11-09T23:27:51.077Z] [unzip] Entry: client/assets/index-ClZTY_JS.js (compressed_size=567195 bytes, uncompressed_size=2035940 bytes)
[debug] [2024-11-09T23:27:51.077Z] [unzip] Processing entry: client/assets/index-ClZTY_JS.js
[debug] [2024-11-09T23:27:51.077Z] [unzip] else mkdir: /Users/karencio/.cache/firebase/emulators/ui-v1.14.0/client/assets
[debug] [2024-11-09T23:27:51.077Z] [unzip] deflating: /Users/karencio/.cache/firebase/emulators/ui-v1.14.0/client/assets/index-ClZTY_JS.js
[debug] [2024-11-09T23:27:51.099Z] [unzip] Entry: client/assets/index-BdgySamB.css (compressed_size=35979 bytes, uncompressed_size=298654 bytes)
[debug] [2024-11-09T23:27:51.099Z] [unzip] Processing entry: client/assets/index-BdgySamB.css
[debug] [2024-11-09T23:27:51.099Z] [unzip] else mkdir: /Users/karencio/.cache/firebase/emulators/ui-v1.14.0/client/assets
[debug] [2024-11-09T23:27:51.099Z] [unzip] deflating: /Users/karencio/.cache/firebase/emulators/ui-v1.14.0/client/assets/index-BdgySamB.css
[debug] [2024-11-09T23:27:51.103Z] [unzip] Entry: client/assets/extensions/ (compressed_size=0 bytes, uncompressed_size=0 bytes)
[debug] [2024-11-09T23:27:51.103Z] [unzip] Processing entry: client/assets/extensions/
[debug] [2024-11-09T23:27:51.103Z] [unzip] mkdir: /Users/karencio/.cache/firebase/emulators/ui-v1.14.0/client/assets/extensions/
[debug] [2024-11-09T23:27:51.104Z] [unzip] Entry: client/assets/extensions/default-extension.png (compressed_size=1646 bytes, uncompressed_size=1657 bytes)
[debug] [2024-11-09T23:27:51.104Z] [unzip] Processing entry: client/assets/extensions/default-extension.png
[debug] [2024-11-09T23:27:51.104Z] [unzip] else mkdir: /Users/karencio/.cache/firebase/emulators/ui-v1.14.0/client/assets/extensions
[debug] [2024-11-09T23:27:51.104Z] [unzip] deflating: /Users/karencio/.cache/firebase/emulators/ui-v1.14.0/client/assets/extensions/default-extension.png
[debug] [2024-11-09T23:27:51.105Z] [unzip] Entry: client/assets/img/ (compressed_size=0 bytes, uncompressed_size=0 bytes)
[debug] [2024-11-09T23:27:51.106Z] [unzip] Processing entry: client/assets/img/
[debug] [2024-11-09T23:27:51.106Z] [unzip] mkdir: /Users/karencio/.cache/firebase/emulators/ui-v1.14.0/client/assets/img/
[debug] [2024-11-09T23:27:51.106Z] [unzip] Entry: client/assets/img/database.png (compressed_size=29449 bytes, uncompressed_size=29988 bytes)
[debug] [2024-11-09T23:27:51.106Z] [unzip] Processing entry: client/assets/img/database.png
[debug] [2024-11-09T23:27:51.106Z] [unzip] else mkdir: /Users/karencio/.cache/firebase/emulators/ui-v1.14.0/client/assets/img
[debug] [2024-11-09T23:27:51.106Z] [unzip] deflating: /Users/karencio/.cache/firebase/emulators/ui-v1.14.0/client/assets/img/database.png
[debug] [2024-11-09T23:27:51.107Z] [unzip] Entry: client/assets/provider-icons/ (compressed_size=0 bytes, uncompressed_size=0 bytes)
[debug] [2024-11-09T23:27:51.108Z] [unzip] Processing entry: client/assets/provider-icons/
[debug] [2024-11-09T23:27:51.108Z] [unzip] mkdir: /Users/karencio/.cache/firebase/emulators/ui-v1.14.0/client/assets/provider-icons/
[debug] [2024-11-09T23:27:51.108Z] [unzip] Entry: client/assets/provider-icons/auth_service_saml.svg (compressed_size=575 bytes, uncompressed_size=1226 bytes)
[debug] [2024-11-09T23:27:51.108Z] [unzip] Processing entry: client/assets/provider-icons/auth_service_saml.svg
[debug] [2024-11-09T23:27:51.108Z] [unzip] else mkdir: /Users/karencio/.cache/firebase/emulators/ui-v1.14.0/client/assets/provider-icons
[debug] [2024-11-09T23:27:51.108Z] [unzip] deflating: /Users/karencio/.cache/firebase/emulators/ui-v1.14.0/client/assets/provider-icons/auth_service_saml.svg
[debug] [2024-11-09T23:27:51.110Z] [unzip] Entry: client/assets/provider-icons/auth_service_phone.svg (compressed_size=261 bytes, uncompressed_size=414 bytes)
[debug] [2024-11-09T23:27:51.110Z] [unzip] Processing entry: client/assets/provider-icons/auth_service_phone.svg
[debug] [2024-11-09T23:27:51.110Z] [unzip] else mkdir: /Users/karencio/.cache/firebase/emulators/ui-v1.14.0/client/assets/provider-icons
[debug] [2024-11-09T23:27:51.110Z] [unzip] deflating: /Users/karencio/.cache/firebase/emulators/ui-v1.14.0/client/assets/provider-icons/auth_service_phone.svg
[debug] [2024-11-09T23:27:51.111Z] [unzip] Entry: client/assets/provider-icons/auth_service_facebook.svg (compressed_size=289 bytes, uncompressed_size=457 bytes)
[debug] [2024-11-09T23:27:51.111Z] [unzip] Processing entry: client/assets/provider-icons/auth_service_facebook.svg
[debug] [2024-11-09T23:27:51.111Z] [unzip] else mkdir: /Users/karencio/.cache/firebase/emulators/ui-v1.14.0/client/assets/provider-icons
[debug] [2024-11-09T23:27:51.112Z] [unzip] deflating: /Users/karencio/.cache/firebase/emulators/ui-v1.14.0/client/assets/provider-icons/auth_service_facebook.svg
[debug] [2024-11-09T23:27:51.113Z] [unzip] Entry: client/assets/provider-icons/auth_service_game_center.svg (compressed_size=991 bytes, uncompressed_size=3921 bytes)
[debug] [2024-11-09T23:27:51.113Z] [unzip] Processing entry: client/assets/provider-icons/auth_service_game_center.svg
[debug] [2024-11-09T23:27:51.113Z] [unzip] else mkdir: /Users/karencio/.cache/firebase/emulators/ui-v1.14.0/client/assets/provider-icons
[debug] [2024-11-09T23:27:51.113Z] [unzip] deflating: /Users/karencio/.cache/firebase/emulators/ui-v1.14.0/client/assets/provider-icons/auth_service_game_center.svg
[debug] [2024-11-09T23:27:51.114Z] [unzip] Entry: client/assets/provider-icons/auth_service_apple.svg (compressed_size=230 bytes, uncompressed_size=334 bytes)
[debug] [2024-11-09T23:27:51.114Z] [unzip] Processing entry: client/assets/provider-icons/auth_service_apple.svg
[debug] [2024-11-09T23:27:51.114Z] [unzip] else mkdir: /Users/karencio/.cache/firebase/emulators/ui-v1.14.0/client/assets/provider-icons
[debug] [2024-11-09T23:27:51.115Z] [unzip] deflating: /Users/karencio/.cache/firebase/emulators/ui-v1.14.0/client/assets/provider-icons/auth_service_apple.svg
[debug] [2024-11-09T23:27:51.116Z] [unzip] Entry: client/assets/provider-icons/auth_service_github.svg (compressed_size=466 bytes, uncompressed_size=838 bytes)
[debug] [2024-11-09T23:27:51.116Z] [unzip] Processing entry: client/assets/provider-icons/auth_service_github.svg
[debug] [2024-11-09T23:27:51.116Z] [unzip] else mkdir: /Users/karencio/.cache/firebase/emulators/ui-v1.14.0/client/assets/provider-icons
[debug] [2024-11-09T23:27:51.116Z] [unzip] deflating: /Users/karencio/.cache/firebase/emulators/ui-v1.14.0/client/assets/provider-icons/auth_service_github.svg
[debug] [2024-11-09T23:27:51.117Z] [unzip] Entry: client/assets/provider-icons/auth_service_mslive.svg (compressed_size=203 bytes, uncompressed_size=378 bytes)
[debug] [2024-11-09T23:27:51.117Z] [unzip] Processing entry: client/assets/provider-icons/auth_service_mslive.svg
[debug] [2024-11-09T23:27:51.117Z] [unzip] else mkdir: /Users/karencio/.cache/firebase/emulators/ui-v1.14.0/client/assets/provider-icons
[debug] [2024-11-09T23:27:51.118Z] [unzip] deflating: /Users/karencio/.cache/firebase/emulators/ui-v1.14.0/client/assets/provider-icons/auth_service_mslive.svg
[debug] [2024-11-09T23:27:51.123Z] [unzip] Entry: client/assets/provider-icons/auth_service_yahoo.svg (compressed_size=577 bytes, uncompressed_size=1182 bytes)
[debug] [2024-11-09T23:27:51.123Z] [unzip] Processing entry: client/assets/provider-icons/auth_service_yahoo.svg
[debug] [2024-11-09T23:27:51.123Z] [unzip] else mkdir: /Users/karencio/.cache/firebase/emulators/ui-v1.14.0/client/assets/provider-icons
[debug] [2024-11-09T23:27:51.123Z] [unzip] deflating: /Users/karencio/.cache/firebase/emulators/ui-v1.14.0/client/assets/provider-icons/auth_service_yahoo.svg
[debug] [2024-11-09T23:27:51.125Z] [unzip] Entry: client/assets/provider-icons/auth_service_twitter.svg (compressed_size=444 bytes, uncompressed_size=751 bytes)
[debug] [2024-11-09T23:27:51.125Z] [unzip] Processing entry: client/assets/provider-icons/auth_service_twitter.svg
[debug] [2024-11-09T23:27:51.125Z] [unzip] else mkdir: /Users/karencio/.cache/firebase/emulators/ui-v1.14.0/client/assets/provider-icons
[debug] [2024-11-09T23:27:51.125Z] [unzip] deflating: /Users/karencio/.cache/firebase/emulators/ui-v1.14.0/client/assets/provider-icons/auth_service_twitter.svg
[debug] [2024-11-09T23:27:51.127Z] [unzip] Entry: client/assets/provider-icons/auth_service_play_games.svg (compressed_size=565 bytes, uncompressed_size=1173 bytes)
[debug] [2024-11-09T23:27:51.127Z] [unzip] Processing entry: client/assets/provider-icons/auth_service_play_games.svg
[debug] [2024-11-09T23:27:51.127Z] [unzip] else mkdir: /Users/karencio/.cache/firebase/emulators/ui-v1.14.0/client/assets/provider-icons
[debug] [2024-11-09T23:27:51.127Z] [unzip] deflating: /Users/karencio/.cache/firebase/emulators/ui-v1.14.0/client/assets/provider-icons/auth_service_play_games.svg
[debug] [2024-11-09T23:27:51.129Z] [unzip] Entry: client/assets/provider-icons/auth_service_email.svg (compressed_size=228 bytes, uncompressed_size=326 bytes)
[debug] [2024-11-09T23:27:51.129Z] [unzip] Processing entry: client/assets/provider-icons/auth_service_email.svg
[debug] [2024-11-09T23:27:51.129Z] [unzip] else mkdir: /Users/karencio/.cache/firebase/emulators/ui-v1.14.0/client/assets/provider-icons
[debug] [2024-11-09T23:27:51.129Z] [unzip] deflating: /Users/karencio/.cache/firebase/emulators/ui-v1.14.0/client/assets/provider-icons/auth_service_email.svg
[debug] [2024-11-09T23:27:51.130Z] [unzip] Entry: client/assets/provider-icons/auth_service_google.svg (compressed_size=409 bytes, uncompressed_size=720 bytes)
[debug] [2024-11-09T23:27:51.131Z] [unzip] Processing entry: client/assets/provider-icons/auth_service_google.svg
[debug] [2024-11-09T23:27:51.131Z] [unzip] else mkdir: /Users/karencio/.cache/firebase/emulators/ui-v1.14.0/client/assets/provider-icons
[debug] [2024-11-09T23:27:51.131Z] [unzip] deflating: /Users/karencio/.cache/firebase/emulators/ui-v1.14.0/client/assets/provider-icons/auth_service_google.svg
[debug] [2024-11-09T23:27:51.132Z] [unzip] Entry: client/assets/provider-icons/auth_service_oidc.svg (compressed_size=414 bytes, uncompressed_size=858 bytes)
[debug] [2024-11-09T23:27:51.132Z] [unzip] Processing entry: client/assets/provider-icons/auth_service_oidc.svg
[debug] [2024-11-09T23:27:51.132Z] [unzip] else mkdir: /Users/karencio/.cache/firebase/emulators/ui-v1.14.0/client/assets/provider-icons
[debug] [2024-11-09T23:27:51.132Z] [unzip] deflating: /Users/karencio/.cache/firebase/emulators/ui-v1.14.0/client/assets/provider-icons/auth_service_oidc.svg
[debug] [2024-11-09T23:27:51.133Z] [unzip] Entry: client/browserconfig.xml (compressed_size=491 bytes, uncompressed_size=822 bytes)
[debug] [2024-11-09T23:27:51.133Z] [unzip] Processing entry: client/browserconfig.xml
[debug] [2024-11-09T23:27:51.133Z] [unzip] else mkdir: /Users/karencio/.cache/firebase/emulators/ui-v1.14.0/client
[debug] [2024-11-09T23:27:51.134Z] [unzip] deflating: /Users/karencio/.cache/firebase/emulators/ui-v1.14.0/client/browserconfig.xml
[debug] [2024-11-09T23:27:51.135Z] [unzip] Entry: client/favicon-32x32.png (compressed_size=475 bytes, uncompressed_size=475 bytes)
[debug] [2024-11-09T23:27:51.135Z] [unzip] Processing entry: client/favicon-32x32.png
[debug] [2024-11-09T23:27:51.135Z] [unzip] else mkdir: /Users/karencio/.cache/firebase/emulators/ui-v1.14.0/client
[debug] [2024-11-09T23:27:51.135Z] [unzip] Writing file: /Users/karencio/.cache/firebase/emulators/ui-v1.14.0/client/favicon-32x32.png
[debug] [2024-11-09T23:27:51.136Z] [unzip] Entry: server/ (compressed_size=0 bytes, uncompressed_size=0 bytes)
[debug] [2024-11-09T23:27:51.136Z] [unzip] Processing entry: server/
[debug] [2024-11-09T23:27:51.136Z] [unzip] mkdir: /Users/karencio/.cache/firebase/emulators/ui-v1.14.0/server/
[debug] [2024-11-09T23:27:51.136Z] [unzip] Entry: server/server.mjs.map (compressed_size=296496 bytes, uncompressed_size=1355667 bytes)
[debug] [2024-11-09T23:27:51.136Z] [unzip] Processing entry: server/server.mjs.map
[debug] [2024-11-09T23:27:51.136Z] [unzip] else mkdir: /Users/karencio/.cache/firebase/emulators/ui-v1.14.0/server
[debug] [2024-11-09T23:27:51.136Z] [unzip] deflating: /Users/karencio/.cache/firebase/emulators/ui-v1.14.0/server/server.mjs.map
[debug] [2024-11-09T23:27:51.148Z] [unzip] Entry: server/server.mjs (compressed_size=315701 bytes, uncompressed_size=1172682 bytes)
[debug] [2024-11-09T23:27:51.148Z] [unzip] Processing entry: server/server.mjs
[debug] [2024-11-09T23:27:51.148Z] [unzip] else mkdir: /Users/karencio/.cache/firebase/emulators/ui-v1.14.0/server
[debug] [2024-11-09T23:27:51.149Z] [unzip] deflating: /Users/karencio/.cache/firebase/emulators/ui-v1.14.0/server/server.mjs
[debug] [2024-11-09T23:27:51.159Z] [unzip] Entry: server/assets/ (compressed_size=0 bytes, uncompressed_size=0 bytes)
[debug] [2024-11-09T23:27:51.159Z] [unzip] Processing entry: server/assets/
[debug] [2024-11-09T23:27:51.159Z] [unzip] mkdir: /Users/karencio/.cache/firebase/emulators/ui-v1.14.0/server/assets/
[debug] [2024-11-09T23:27:51.160Z] [unzip] Entry: server/assets/multipart-parser-DGCUZdXu.mjs.map (compressed_size=4791 bytes, uncompressed_size=17918 bytes)
[debug] [2024-11-09T23:27:51.160Z] [unzip] Processing entry: server/assets/multipart-parser-DGCUZdXu.mjs.map
[debug] [2024-11-09T23:27:51.160Z] [unzip] else mkdir: /Users/karencio/.cache/firebase/emulators/ui-v1.14.0/server/assets
[debug] [2024-11-09T23:27:51.160Z] [unzip] deflating: /Users/karencio/.cache/firebase/emulators/ui-v1.14.0/server/assets/multipart-parser-DGCUZdXu.mjs.map
[debug] [2024-11-09T23:27:51.161Z] [unzip] Entry: server/assets/multipart-parser-DGCUZdXu.mjs (compressed_size=2621 bytes, uncompressed_size=10390 bytes)
[debug] [2024-11-09T23:27:51.161Z] [unzip] Processing entry: server/assets/multipart-parser-DGCUZdXu.mjs
[debug] [2024-11-09T23:27:51.161Z] [unzip] else mkdir: /Users/karencio/.cache/firebase/emulators/ui-v1.14.0/server/assets
[debug] [2024-11-09T23:27:51.161Z] [unzip] deflating: /Users/karencio/.cache/firebase/emulators/ui-v1.14.0/server/assets/multipart-parser-DGCUZdXu.mjs
[debug] [2024-11-09T23:27:51.163Z] Ignoring unsupported arg: auto_download {"metadata":{"emulator":{"name":"ui"},"message":"Ignoring unsupported arg: auto_download"}}
[debug] [2024-11-09T23:27:51.163Z] Ignoring unsupported arg: port {"metadata":{"emulator":{"name":"ui"},"message":"Ignoring unsupported arg: port"}}
[debug] [2024-11-09T23:27:51.163Z] Starting Emulator UI with command {"binary":"node","args":["/Users/karencio/.cache/firebase/emulators/ui-v1.14.0/server/server.mjs"],"optionalArgs":[],"joinArgs":false,"shell":false,"port":4000} {"metadata":{"emulator":{"name":"ui"},"message":"Starting Emulator UI with command {\"binary\":\"node\",\"args\":[\"/Users/karencio/.cache/firebase/emulators/ui-v1.14.0/server/server.mjs\"],\"optionalArgs\":[],\"joinArgs\":false,\"shell\":false,\"port\":4000}"}}
[info] i  ui: Emulator UI logging to ui-debug.log {"metadata":{"emulator":{"name":"ui"},"message":"Emulator UI logging to \u001b[1mui-debug.log\u001b[22m"}}
[debug] [2024-11-09T23:27:51.477Z] Web / API server started at 127.0.0.1:4000
 {"metadata":{"emulator":{"name":"ui"},"message":"Web / API server started at 127.0.0.1:4000\n"}}
[debug] [2024-11-09T23:27:51.477Z] Web / API server started at ::1:4000
 {"metadata":{"emulator":{"name":"ui"},"message":"Web / API server started at ::1:4000\n"}}
[info] i  functions: Watching "/Volumes/Mac/functions" for Cloud Functions... {"metadata":{"emulator":{"name":"functions"},"message":"Watching \"/Volumes/Mac/functions\" for Cloud Functions..."}}
[debug] [2024-11-09T23:27:51.653Z] Validating nodejs source
[debug] [2024-11-09T23:27:53.223Z] > [functions] package.json contents: {
  "name": "functions",
  "description": "Cloud Functions for Firebase",
  "scripts": {
    "serve": "firebase emulators:start --only functions",
    "shell": "firebase functions:shell",
    "start": "npm run shell",
    "deploy": "firebase deploy --only functions",
    "logs": "firebase functions:log"
  },
  "engines": {
    "node": "18"
  },
  "main": "index.js",
  "dependencies": {
    "axios": "^0.21.4",
    "cors": "^2.8.5",
    "firebase-admin": "^12.1.0",
    "firebase-functions": "^6.1.0"
  },
  "devDependencies": {
    "firebase-functions-test": "^3.1.0"
  },
  "private": true
}
[debug] [2024-11-09T23:27:53.224Z] Building nodejs source
[debug] [2024-11-09T23:27:53.224Z] Failed to find version of module node: reached end of search path /Volumes/Mac/functions/node_modules
[warn] ⚠  functions: Your requested "node" version "18" doesn't match your global version "23". Using node@23 from host. 
[debug] [2024-11-09T23:27:53.228Z] Could not find functions.yaml. Must use http discovery
[debug] [2024-11-09T23:27:53.245Z] Found firebase-functions binary at '/Volumes/Mac/functions/node_modules/.bin/firebase-functions'
[info] Serving at port 8507

[debug] [2024-11-09T23:27:56.534Z] Got response from /__/functions.yaml {"endpoints":{"getCombinedData":{"availableMemoryMb":null,"timeoutSeconds":null,"minInstances":null,"maxInstances":null,"ingressSettings":null,"concurrency":null,"serviceAccountEmail":null,"vpc":null,"platform":"gcfv2","labels":{},"httpsTrigger":{},"entryPoint":"getCombinedData"}},"specVersion":"v1alpha1","requiredAPIs":[],"extensions":{}}
[info] ✔  functions: Loaded functions definitions from source: getCombinedData. {"metadata":{"emulator":{"name":"functions"},"message":"Loaded functions definitions from source: getCombinedData."}}
[info] ✔  functions[us-central1-getCombinedData]: http function initialized (http://127.0.0.1:5001/conexion-agraria/us-central1/getCombinedData). {"metadata":{"emulator":{"name":"functions"},"message":"\u001b[1mhttp\u001b[22m function initialized (http://127.0.0.1:5001/conexion-agraria/us-central1/getCombinedData)."}}
[debug] [2024-11-09T23:28:00.588Z] Could not find VSCode notification endpoint: FetchError: request to http://localhost:40001/vscode/notify failed, reason: . If you are not running the Firebase Data Connect VSCode extension, this is expected and not an issue.
[info] 
┌─────────────────────────────────────────────────────────────┐
│ ✔  All emulators ready! It is now safe to connect your app. │
│ i  View Emulator UI at http://127.0.0.1:4000/               │
└─────────────────────────────────────────────────────────────┘

┌───────────┬────────────────┬─────────────────────────────────┐
│ Emulator  │ Host:Port      │ View in Emulator UI             │
├───────────┼────────────────┼─────────────────────────────────┤
│ Functions │ 127.0.0.1:5001 │ http://127.0.0.1:4000/functions │
└───────────┴────────────────┴─────────────────────────────────┘
  Emulator Hub running at 127.0.0.1:4400
  Other reserved ports: 4500

Issues? Report them at https://github.com/firebase/firebase-tools/issues and attach the *-debug.log files.
 
[debug] [2024-11-09T23:29:04.928Z] [work-queue] {"queuedWork":["/conexion-agraria/us-central1/getCombinedData-2024-11-09T23:29:04.928Z"],"queueLength":1,"runningWork":[],"workRunningCount":0}
[debug] [2024-11-09T23:29:04.929Z] [work-queue] {"queuedWork":[],"queueLength":0,"runningWork":["/conexion-agraria/us-central1/getCombinedData-2024-11-09T23:29:04.928Z"],"workRunningCount":1}
[debug] [2024-11-09T23:29:04.930Z] Accepted request GET /conexion-agraria/us-central1/getCombinedData --> us-central1-getCombinedData
[debug] [2024-11-09T23:29:04.933Z] [functions] Runtime ready! Sending request! {"metadata":{"emulator":{"name":"functions"},"message":"[functions] Runtime ready! Sending request!"}}
[debug] [2024-11-09T23:29:04.935Z] [functions] Got req.url=/conexion-agraria/us-central1/getCombinedData, mapping to path=/ {"metadata":{"emulator":{"name":"functions"},"message":"[functions] Got req.url=/conexion-agraria/us-central1/getCombinedData, mapping to path=/"}}
[debug] [2024-11-09T23:29:04.944Z] [worker-pool] addWorker(us-central1-getCombinedData) {"metadata":{"emulator":{"name":"functions"},"message":"[worker-pool] addWorker(us-central1-getCombinedData)"}}
[debug] [2024-11-09T23:29:04.945Z] [worker-pool] Adding worker with key us-central1-getCombinedData, total=1 {"metadata":{"emulator":{"name":"functions"},"message":"[worker-pool] Adding worker with key us-central1-getCombinedData, total=1"}}
[info] >  (node:13427) [DEP0040] DeprecationWarning: The `punycode` module is deprecated. Please use a userland alternative instead. {"user":"(node:13427) [DEP0040] DeprecationWarning: The `punycode` module is deprecated. Please use a userland alternative instead.","metadata":{"emulator":{"name":"functions"},"function":{"name":"us-central1-getCombinedData"},"extension":{},"message":"\u001b[90m> \u001b[39m (node:13427) [DEP0040] DeprecationWarning: The `punycode` module is deprecated. Please use a userland alternative instead."}}
[info] >  (Use `node --trace-deprecation ...` to show where the warning was created) {"user":"(Use `node --trace-deprecation ...` to show where the warning was created)","metadata":{"emulator":{"name":"functions"},"function":{"name":"us-central1-getCombinedData"},"extension":{},"message":"\u001b[90m> \u001b[39m (Use `node --trace-deprecation ...` to show where the warning was created)"}}
[debug] [2024-11-09T23:29:08.089Z] [runtime-status] [13427] Resolved module firebase-admin {"declared":true,"installed":true,"version":"12.2.0","resolution":"/Volumes/Mac/functions/node_modules/firebase-admin/lib/index.js"} {"metadata":{"emulator":{"name":"functions"},"function":{"name":"us-central1-getCombinedData"},"extension":{},"message":"[runtime-status] [13427] Resolved module firebase-admin {\"declared\":true,\"installed\":true,\"version\":\"12.2.0\",\"resolution\":\"/Volumes/Mac/functions/node_modules/firebase-admin/lib/index.js\"}"}}
[debug] [2024-11-09T23:29:08.091Z] [runtime-status] [13427] Resolved module firebase-functions {"declared":true,"installed":true,"version":"6.1.0","resolution":"/Volumes/Mac/functions/node_modules/firebase-functions/lib/v2/index.js"} {"metadata":{"emulator":{"name":"functions"},"function":{"name":"us-central1-getCombinedData"},"extension":{},"message":"[runtime-status] [13427] Resolved module firebase-functions {\"declared\":true,\"installed\":true,\"version\":\"6.1.0\",\"resolution\":\"/Volumes/Mac/functions/node_modules/firebase-functions/lib/v2/index.js\"}"}}
[debug] [2024-11-09T23:29:08.092Z] [runtime-status] [13427] Outgoing network have been stubbed. [{"name":"http","status":"mocked"},{"name":"http","status":"mocked"},{"name":"https","status":"mocked"},{"name":"https","status":"mocked"},{"name":"net","status":"mocked"}] {"metadata":{"emulator":{"name":"functions"},"function":{"name":"us-central1-getCombinedData"},"extension":{},"message":"[runtime-status] [13427] Outgoing network have been stubbed. [{\"name\":\"http\",\"status\":\"mocked\"},{\"name\":\"http\",\"status\":\"mocked\"},{\"name\":\"https\",\"status\":\"mocked\"},{\"name\":\"https\",\"status\":\"mocked\"},{\"name\":\"net\",\"status\":\"mocked\"}]"}}
[debug] [2024-11-09T23:29:08.098Z] [runtime-status] [13427] Resolved module firebase-functions {"declared":true,"installed":true,"version":"6.1.0","resolution":"/Volumes/Mac/functions/node_modules/firebase-functions/lib/v2/index.js"} {"metadata":{"emulator":{"name":"functions"},"function":{"name":"us-central1-getCombinedData"},"extension":{},"message":"[runtime-status] [13427] Resolved module firebase-functions {\"declared\":true,\"installed\":true,\"version\":\"6.1.0\",\"resolution\":\"/Volumes/Mac/functions/node_modules/firebase-functions/lib/v2/index.js\"}"}}
[debug] [2024-11-09T23:29:09.388Z] [runtime-status] [13427] Checked functions.config() {"config":{}} {"metadata":{"emulator":{"name":"functions"},"function":{"name":"us-central1-getCombinedData"},"extension":{},"message":"[runtime-status] [13427] Checked functions.config() {\"config\":{}}"}}
[debug] [2024-11-09T23:29:09.388Z] [runtime-status] [13427] firebase-functions has been stubbed. {"functionsResolution":{"declared":true,"installed":true,"version":"6.1.0","resolution":"/Volumes/Mac/functions/node_modules/firebase-functions/lib/v2/index.js"}} {"metadata":{"emulator":{"name":"functions"},"function":{"name":"us-central1-getCombinedData"},"extension":{},"message":"[runtime-status] [13427] firebase-functions has been stubbed. {\"functionsResolution\":{\"declared\":true,\"installed\":true,\"version\":\"6.1.0\",\"resolution\":\"/Volumes/Mac/functions/node_modules/firebase-functions/lib/v2/index.js\"}}"}}
[debug] [2024-11-09T23:29:09.391Z] [runtime-status] [13427] Resolved module firebase-functions {"declared":true,"installed":true,"version":"6.1.0","resolution":"/Volumes/Mac/functions/node_modules/firebase-functions/lib/v2/index.js"} {"metadata":{"emulator":{"name":"functions"},"function":{"name":"us-central1-getCombinedData"},"extension":{},"message":"[runtime-status] [13427] Resolved module firebase-functions {\"declared\":true,\"installed\":true,\"version\":\"6.1.0\",\"resolution\":\"/Volumes/Mac/functions/node_modules/firebase-functions/lib/v2/index.js\"}"}}
[debug] [2024-11-09T23:29:09.397Z] [runtime-status] [13427] Resolved module firebase-admin {"declared":true,"installed":true,"version":"12.2.0","resolution":"/Volumes/Mac/functions/node_modules/firebase-admin/lib/index.js"} {"metadata":{"emulator":{"name":"functions"},"function":{"name":"us-central1-getCombinedData"},"extension":{},"message":"[runtime-status] [13427] Resolved module firebase-admin {\"declared\":true,\"installed\":true,\"version\":\"12.2.0\",\"resolution\":\"/Volumes/Mac/functions/node_modules/firebase-admin/lib/index.js\"}"}}
[debug] [2024-11-09T23:29:09.401Z] [runtime-status] [13427] Resolved module firebase-functions {"declared":true,"installed":true,"version":"6.1.0","resolution":"/Volumes/Mac/functions/node_modules/firebase-functions/lib/v2/index.js"} {"metadata":{"emulator":{"name":"functions"},"function":{"name":"us-central1-getCombinedData"},"extension":{},"message":"[runtime-status] [13427] Resolved module firebase-functions {\"declared\":true,\"installed\":true,\"version\":\"6.1.0\",\"resolution\":\"/Volumes/Mac/functions/node_modules/firebase-functions/lib/v2/index.js\"}"}}
[debug] [2024-11-09T23:29:09.401Z] [runtime-status] [13427] firebase-admin has been stubbed. {"adminResolution":{"declared":true,"installed":true,"version":"12.2.0","resolution":"/Volumes/Mac/functions/node_modules/firebase-admin/lib/index.js"}} {"metadata":{"emulator":{"name":"functions"},"function":{"name":"us-central1-getCombinedData"},"extension":{},"message":"[runtime-status] [13427] firebase-admin has been stubbed. {\"adminResolution\":{\"declared\":true,\"installed\":true,\"version\":\"12.2.0\",\"resolution\":\"/Volumes/Mac/functions/node_modules/firebase-admin/lib/index.js\"}}"}}
[debug] [2024-11-09T23:29:09.511Z] [runtime-status] [13427] initializeApp(DEFAULT) {"credential":{"implicit":false,"projectId":"conexion-agraria","privateKey":"-----BEGIN PRIVATE KEY-----\nMIIEvgIBADANBgkqhkiG9w0BAQEFAASCBKgwggSkAgEAAoIBAQC2rblKSUfm53K2\nRpst0Uitt2gxl8H+AbWZEslvbufJE2Q3GRxE6sQelU9eoOxz9Irs/T2yZRq4VnF7\nfily+kKtE8R1iFQM54OsqxarwhsDfhAvG0IVjp4wzzpxrzRCkMWszPRLpnsI/6eL\n//N9/OGzZwejeZC1rueTQkjysvp5jgKfGXWs9K+c6sgXhLtGapGUSMnsJfCkkd0/\n4ySaTjadY1HYIYAg1u3kO3nWu+cY9METOpES4SGNBtZ1zI+XmC1BfaKxVs/D3pe3\nZUEaFjcllURmUZlnEjxLLRsaxVZtJaosW453cn29s/+X5Xz6exsgIEtHL/5tXN1s\n8L9HG8AlAgMBAAECggEAKrik+QT7PjpJXuxTNRtZCls2kEaD1SHUNMiqeBdxOFqD\nGMmUDV/z3o0fgytSMOnzJWox6Arx/UMmBfHiwqNZPX2+d5gaw+vOpO5b/m4GAEKW\niVWwFjeEsjh8XALTz29o8zj5Nsnnwxp6teh1KrUdmWWSaT4wQ/Tz7kHVqoCFyDAz\nHtc7SuWQ+qxXC3spOR6Cj7fImR73qwf5ZE1GZnbGl/jurS7gSc6FuIhmxUVNmmZW\npHb/U1f2CVKjJ1KiZyfLa2iNiyBqv5NWdfR5BMgbNVqZk1uUYYDUYP6VnKo7Yssw\nUdZIDLFAkDG383t8d/xXYqxCBjMQOKo1cmp1JobJgQKBgQDgtTo6GHyMSujrx33z\nciOtdbVoDnpQtKX3Z5Az7KOirf/P4HRjqdmLlFP+jrSc/FJElXZwLBtpYzW5Di2h\n7rPTy+k9qnj5i5Q7Uyww1EE4AKVC2cHONSYzvHqm3FGPyFexM3JN2kHzVnZpgTB5\ny3Yxqo8XvNmyqsO/BwUYPj1pwQKBgQDQHincJQl0/HLcm58K53cCe1sLusjvEXE0\n3wCfuQvqCRG8NZGTnQA2+ZsLCsKiLxNukpFHidK7rLMMuBMnME8dSHLHzC5OWULN\nWYJMeY82Fvw74IJEwj3Y332WRbh//2JcZ8jbz6+2t62PuLHbOvcPEwqlcIM8qB/4\nJV1ZbqzHZQKBgQCJnlQnymFU5nfaFtZLZ2b0T/em398HWGugpruJIW9iLWBTJqsB\ncr96HYCHkUyKLHoR6NudfVXYaFs5l7ZYy0E1AFg7XREz+8jvwFN7IDNFIhgUZhqs\nuJ5J5y/Sy3HkNhWGv/RMO9RSPGzO1sEihno/lq6GIjHNm4nAj4MOQugHwQKBgBDt\nAxaGZJiBF45dkbe/T2yCP8taa5EV6BEWueRDlnZ4OlsGOEq7EBNohXWGcIHkNj5d\n6TbaPKtKxl0Yc2ZShXyqMbuSHYn9tHMi/nfdwwnxIJ52CeIxsfn7YylfjjvKt2Mw\nhaNq5q2DjrgLm1trFkDBmbIOzn2WZtM1prvpRmAJAoGBANA+1fHP3ZsyFseFkJxQ\nMdxUNPHV0QMhkbJtM/dPCna5FrWnuXWmUfkL5u4iU/RgqCTw7d4a65cOTFBEWECi\n0ZZIaVst1N/lBZt4Kx7u5+EPP2o9h+bEi/4rzpJAAV/WjoszPUhW37xcoONrCuYK\nW8gJ8uW3K9agjIsXcISOeH8v\n-----END PRIVATE KEY-----\n","clientEmail":"firebase-adminsdk-ha2ts@conexion-agraria.iam.gserviceaccount.com","httpClient":{"retry":{"maxRetries":4,"statusCodes":[503],"ioErrorCodes":["ECONNRESET","ETIMEDOUT"],"backOffFactor":0.5,"maxDelayInMillis":60000}}},"databaseURL":"https://conexion-agraria-default-rtdb.firebaseio.com","storageBucket":"conexion-agraria.appspot.com"} {"metadata":{"emulator":{"name":"functions"},"function":{"name":"us-central1-getCombinedData"},"extension":{},"message":"[runtime-status] [13427] initializeApp(DEFAULT) {\"credential\":{\"implicit\":false,\"projectId\":\"conexion-agraria\",\"privateKey\":\"-----BEGIN PRIVATE KEY-----\\nMIIEvgIBADANBgkqhkiG9w0BAQEFAASCBKgwggSkAgEAAoIBAQC2rblKSUfm53K2\\nRpst0Uitt2gxl8H+AbWZEslvbufJE2Q3GRxE6sQelU9eoOxz9Irs/T2yZRq4VnF7\\nfily+kKtE8R1iFQM54OsqxarwhsDfhAvG0IVjp4wzzpxrzRCkMWszPRLpnsI/6eL\\n//N9/OGzZwejeZC1rueTQkjysvp5jgKfGXWs9K+c6sgXhLtGapGUSMnsJfCkkd0/\\n4ySaTjadY1HYIYAg1u3kO3nWu+cY9METOpES4SGNBtZ1zI+XmC1BfaKxVs/D3pe3\\nZUEaFjcllURmUZlnEjxLLRsaxVZtJaosW453cn29s/+X5Xz6exsgIEtHL/5tXN1s\\n8L9HG8AlAgMBAAECggEAKrik+QT7PjpJXuxTNRtZCls2kEaD1SHUNMiqeBdxOFqD\\nGMmUDV/z3o0fgytSMOnzJWox6Arx/UMmBfHiwqNZPX2+d5gaw+vOpO5b/m4GAEKW\\niVWwFjeEsjh8XALTz29o8zj5Nsnnwxp6teh1KrUdmWWSaT4wQ/Tz7kHVqoCFyDAz\\nHtc7SuWQ+qxXC3spOR6Cj7fImR73qwf5ZE1GZnbGl/jurS7gSc6FuIhmxUVNmmZW\\npHb/U1f2CVKjJ1KiZyfLa2iNiyBqv5NWdfR5BMgbNVqZk1uUYYDUYP6VnKo7Yssw\\nUdZIDLFAkDG383t8d/xXYqxCBjMQOKo1cmp1JobJgQKBgQDgtTo6GHyMSujrx33z\\nciOtdbVoDnpQtKX3Z5Az7KOirf/P4HRjqdmLlFP+jrSc/FJElXZwLBtpYzW5Di2h\\n7rPTy+k9qnj5i5Q7Uyww1EE4AKVC2cHONSYzvHqm3FGPyFexM3JN2kHzVnZpgTB5\\ny3Yxqo8XvNmyqsO/BwUYPj1pwQKBgQDQHincJQl0/HLcm58K53cCe1sLusjvEXE0\\n3wCfuQvqCRG8NZGTnQA2+ZsLCsKiLxNukpFHidK7rLMMuBMnME8dSHLHzC5OWULN\\nWYJMeY82Fvw74IJEwj3Y332WRbh//2JcZ8jbz6+2t62PuLHbOvcPEwqlcIM8qB/4\\nJV1ZbqzHZQKBgQCJnlQnymFU5nfaFtZLZ2b0T/em398HWGugpruJIW9iLWBTJqsB\\ncr96HYCHkUyKLHoR6NudfVXYaFs5l7ZYy0E1AFg7XREz+8jvwFN7IDNFIhgUZhqs\\nuJ5J5y/Sy3HkNhWGv/RMO9RSPGzO1sEihno/lq6GIjHNm4nAj4MOQugHwQKBgBDt\\nAxaGZJiBF45dkbe/T2yCP8taa5EV6BEWueRDlnZ4OlsGOEq7EBNohXWGcIHkNj5d\\n6TbaPKtKxl0Yc2ZShXyqMbuSHYn9tHMi/nfdwwnxIJ52CeIxsfn7YylfjjvKt2Mw\\nhaNq5q2DjrgLm1trFkDBmbIOzn2WZtM1prvpRmAJAoGBANA+1fHP3ZsyFseFkJxQ\\nMdxUNPHV0QMhkbJtM/dPCna5FrWnuXWmUfkL5u4iU/RgqCTw7d4a65cOTFBEWECi\\n0ZZIaVst1N/lBZt4Kx7u5+EPP2o9h+bEi/4rzpJAAV/WjoszPUhW37xcoONrCuYK\\nW8gJ8uW3K9agjIsXcISOeH8v\\n-----END PRIVATE KEY-----\\n\",\"clientEmail\":\"firebase-adminsdk-ha2ts@conexion-agraria.iam.gserviceaccount.com\",\"httpClient\":{\"retry\":{\"maxRetries\":4,\"statusCodes\":[503],\"ioErrorCodes\":[\"ECONNRESET\",\"ETIMEDOUT\"],\"backOffFactor\":0.5,\"maxDelayInMillis\":60000}}},\"databaseURL\":\"https://conexion-agraria-default-rtdb.firebaseio.com\",\"storageBucket\":\"conexion-agraria.appspot.com\"}"}}
[debug] [2024-11-09T23:29:09.519Z] [runtime-status] [13427] Functions runtime initialized. {"cwd":"/Volumes/Mac/functions","node_version":"23.1.0"} {"metadata":{"emulator":{"name":"functions"},"function":{"name":"us-central1-getCombinedData"},"extension":{},"message":"[runtime-status] [13427] Functions runtime initialized. {\"cwd\":\"/Volumes/Mac/functions\",\"node_version\":\"23.1.0\"}"}}
[debug] [2024-11-09T23:29:09.519Z] [runtime-status] [13427] Listening to port: /var/folders/x7/npjc6l1s3159b958sj10q0sm0000gn/T/fire_emu_eb2eca0e286d75ed.sock {"metadata":{"emulator":{"name":"functions"},"function":{"name":"us-central1-getCombinedData"},"extension":{},"message":"[runtime-status] [13427] Listening to port: /var/folders/x7/npjc6l1s3159b958sj10q0sm0000gn/T/fire_emu_eb2eca0e286d75ed.sock"}}
[debug] [2024-11-09T23:29:09.548Z] [worker-us-central1-getCombinedData-f200ce15-a546-484d-9139-d7478598351b]: IDLE {"metadata":{"emulator":{"name":"functions"},"function":{"name":"us-central1-getCombinedData"},"extension":{},"message":"[worker-us-central1-getCombinedData-f200ce15-a546-484d-9139-d7478598351b]: IDLE"}}
[debug] [2024-11-09T23:29:09.548Z] [worker-pool] submitRequest(triggerId=us-central1-getCombinedData) {"metadata":{"emulator":{"name":"functions"},"message":"[worker-pool] submitRequest(triggerId=us-central1-getCombinedData)"}}
[info] i  functions: Beginning execution of "us-central1-getCombinedData" {"metadata":{"emulator":{"name":"functions"},"function":{"name":"us-central1-getCombinedData"},"extension":{},"message":"Beginning execution of \"us-central1-getCombinedData\""}}
[debug] [2024-11-09T23:29:09.549Z] [worker-us-central1-getCombinedData-f200ce15-a546-484d-9139-d7478598351b]: BUSY {"metadata":{"emulator":{"name":"functions"},"function":{"name":"us-central1-getCombinedData"},"extension":{},"message":"[worker-us-central1-getCombinedData-f200ce15-a546-484d-9139-d7478598351b]: BUSY"}}
[warn] ⚠  functions: The Realtime Database emulator is not running, so calls to Realtime Database will affect production. {"metadata":{"emulator":{"name":"functions"},"function":{"name":"us-central1-getCombinedData"},"extension":{},"message":"The Realtime Database emulator is not running, so calls to Realtime Database will affect production."}}
[debug] [2024-11-09T23:29:10.661Z] Finishing up request with event=pause {"metadata":{"emulator":{"name":"functions"},"function":{"name":"us-central1-getCombinedData"},"extension":{},"message":"Finishing up request with event=pause"}}
[info] i  functions: Finished "us-central1-getCombinedData" in 1112.551337ms {"metadata":{"emulator":{"name":"functions"},"function":{"name":"us-central1-getCombinedData"},"extension":{},"message":"Finished \"us-central1-getCombinedData\" in 1112.551337ms"}}
[debug] [2024-11-09T23:29:10.663Z] [worker-us-central1-getCombinedData-f200ce15-a546-484d-9139-d7478598351b]: IDLE {"metadata":{"emulator":{"name":"functions"},"function":{"name":"us-central1-getCombinedData"},"extension":{},"message":"[worker-us-central1-getCombinedData-f200ce15-a546-484d-9139-d7478598351b]: IDLE"}}
[debug] [2024-11-09T23:29:10.663Z] Finishing up request with event=finish {"metadata":{"emulator":{"name":"functions"},"function":{"name":"us-central1-getCombinedData"},"extension":{},"message":"Finishing up request with event=finish"}}
[debug] [2024-11-09T23:29:10.663Z] Finishing up request with event=close {"metadata":{"emulator":{"name":"functions"},"function":{"name":"us-central1-getCombinedData"},"extension":{},"message":"Finishing up request with event=close"}}
[debug] [2024-11-09T23:29:10.664Z] [work-queue] {"queuedWork":[],"queueLength":0,"runningWork":[],"workRunningCount":0}
[debug] [2024-11-09T23:37:52.992Z] Received signal SIGHUP 1
